<?xml version="1.0" encoding="UTF-8"?>
<testng-results ignored="0" total="4" passed="4" failed="0" skipped="0">
  <reporter-output>
  </reporter-output>
  <suite started-at="2021-10-13T09:32:37Z" name="Suite" finished-at="2021-10-13T09:32:43Z" duration-ms="6004">
    <groups>
    </groups>
    <test started-at="2021-10-13T09:32:37Z" name="Test" finished-at="2021-10-13T09:32:37Z" duration-ms="41">
      <class name="com.lti.testdemo.LoginAppTest">
        <test-method signature="loginTest()[pri:0, instance:com.lti.testdemo.LoginAppTest@59d4cd39]" started-at="2021-10-13T09:32:37Z" name="loginTest" description="Login with valid details" finished-at="2021-10-13T09:32:37Z" duration-ms="12" status="PASS">
          <reporter-output>
          </reporter-output>
        </test-method> <!-- loginTest -->
        <test-method signature="loginTest2()[pri:0, instance:com.lti.testdemo.LoginAppTest@59d4cd39]" started-at="2021-10-13T09:32:37Z" name="loginTest2" description="Login with invalid details" finished-at="2021-10-13T09:32:37Z" duration-ms="0" status="PASS">
          <reporter-output>
          </reporter-output>
        </test-method> <!-- loginTest2 -->
      </class> <!-- com.lti.testdemo.LoginAppTest -->
    </test> <!-- Test -->
    <test started-at="2021-10-13T09:32:37Z" name="Test2" finished-at="2021-10-13T09:32:37Z" duration-ms="1">
      <class name="com.lti.testdemo.NumberComparision">
        <test-method signature="intComparision()[pri:0, instance:com.lti.testdemo.NumberComparision@490caf5f]" started-at="2021-10-13T09:32:37Z" name="intComparision" finished-at="2021-10-13T09:32:37Z" duration-ms="0" status="PASS">
          <reporter-output>
          </reporter-output>
        </test-method> <!-- intComparision -->
      </class> <!-- com.lti.testdemo.NumberComparision -->
    </test> <!-- Test2 -->
    <test started-at="2021-10-13T09:32:37Z" name="Test3" finished-at="2021-10-13T09:32:43Z" duration-ms="5913">
      <class name="com.lti.testdemo.SeleniumDev">
        <test-method is-config="true" signature="beforeTest()[pri:0, instance:com.lti.testdemo.SeleniumDev@5e403b4a]" started-at="2021-10-13T09:32:37Z" name="beforeTest" finished-at="2021-10-13T09:32:39Z" duration-ms="2001" status="PASS">
          <reporter-output>
          </reporter-output>
        </test-method> <!-- beforeTest -->
        <test-method signature="titleTest()[pri:0, instance:com.lti.testdemo.SeleniumDev@5e403b4a]" started-at="2021-10-13T09:32:39Z" name="titleTest" finished-at="2021-10-13T09:32:41Z" duration-ms="1747" status="PASS">
          <reporter-output>
          </reporter-output>
        </test-method> <!-- titleTest -->
        <test-method is-config="true" signature="afterTest()[pri:0, instance:com.lti.testdemo.SeleniumDev@5e403b4a]" started-at="2021-10-13T09:32:41Z" name="afterTest" finished-at="2021-10-13T09:32:43Z" duration-ms="2163" status="PASS">
          <reporter-output>
          </reporter-output>
        </test-method> <!-- afterTest -->
      </class> <!-- com.lti.testdemo.SeleniumDev -->
    </test> <!-- Test3 -->
  </suite> <!-- Suite -->
</testng-results>
