<?xml version="1.0" encoding="UTF-8"?>
<testng-results skipped="0" failed="0" ignored="0" total="1" passed="1">
  <reporter-output>
  </reporter-output>
  <suite name="Default suite" duration-ms="27" started-at="2021-10-13T07:14:31Z" finished-at="2021-10-13T07:14:31Z">
    <groups>
    </groups>
    <test name="Default test" duration-ms="27" started-at="2021-10-13T07:14:31Z" finished-at="2021-10-13T07:14:31Z">
      <class name="com.lti.testdemo.NumberComparision">
        <test-method status="PASS" signature="intComparision()[pri:0, instance:com.lti.testdemo.NumberComparision@77167fb7]" name="intComparision" duration-ms="8" started-at="2021-10-13T07:14:31Z" finished-at="2021-10-13T07:14:31Z">
          <reporter-output>
          </reporter-output>
        </test-method> <!-- intComparision -->
      </class> <!-- com.lti.testdemo.NumberComparision -->
    </test> <!-- Default test -->
  </suite> <!-- Default suite -->
</testng-results>
